Watching for file changes with StatReloader
/mnt/d/projects/LabCourseDispaly/MAIN/models.py changed, reloading.
Watching for file changes with StatReloader
/mnt/d/projects/LabCourseDispaly/MAIN/models.py changed, reloading.
Watching for file changes with StatReloader
Watching for file changes with StatReloader
/mnt/d/projects/LabCourseDispaly/MAIN/models.py changed, reloading.
Watching for file changes with StatReloader
Watching for file changes with StatReloader
/mnt/d/projects/LabCourseDispaly/MAIN/models.py changed, reloading.
Watching for file changes with StatReloader
/mnt/d/projects/LabCourseDispaly/MAIN/models.py changed, reloading.
Watching for file changes with StatReloader
/mnt/d/projects/LabCourseDispaly/MAIN/models.py changed, reloading.
Watching for file changes with StatReloader
/mnt/d/projects/LabCourseDispaly/MAIN/models.py changed, reloading.
Watching for file changes with StatReloader
/mnt/d/projects/LabCourseDispaly/MAIN/models.py changed, reloading.
Watching for file changes with StatReloader
/mnt/d/projects/LabCourseDispaly/MAIN/models.py changed, reloading.
Watching for file changes with StatReloader
/mnt/d/projects/LabCourseDispaly/MAIN/models.py changed, reloading.
Watching for file changes with StatReloader
/mnt/d/projects/LabCourseDispaly/MAIN/models.py changed, reloading.
Watching for file changes with StatReloader
/mnt/d/projects/LabCourseDispaly/MAIN/models.py changed, reloading.
Watching for file changes with StatReloader
/mnt/d/projects/LabCourseDispaly/MAIN/models.py changed, reloading.
Watching for file changes with StatReloader
/mnt/d/projects/LabCourseDispaly/MAIN/models.py changed, reloading.
Watching for file changes with StatReloader
/mnt/d/projects/LabCourseDispaly/MAIN/models.py changed, reloading.
Watching for file changes with StatReloader
/mnt/d/projects/LabCourseDispaly/MAIN/models.py changed, reloading.
Watching for file changes with StatReloader
/mnt/d/projects/LabCourseDispaly/MAIN/models.py changed, reloading.
Watching for file changes with StatReloader
/mnt/d/projects/LabCourseDispaly/MAIN/models.py changed, reloading.
Watching for file changes with StatReloader
/mnt/d/projects/LabCourseDispaly/MAIN/models.py changed, reloading.
Watching for file changes with StatReloader
/mnt/d/projects/LabCourseDispaly/MAIN/models.py changed, reloading.
Watching for file changes with StatReloader
/mnt/d/projects/LabCourseDispaly/MAIN/models.py changed, reloading.
Watching for file changes with StatReloader
/mnt/d/projects/LabCourseDispaly/MAIN/models.py changed, reloading.
Watching for file changes with StatReloader
/mnt/d/projects/LabCourseDispaly/MAIN/models.py changed, reloading.
Watching for file changes with StatReloader
/mnt/d/projects/LabCourseDispaly/MAIN/models.py changed, reloading.
Watching for file changes with StatReloader
/mnt/d/projects/LabCourseDispaly/MAIN/models.py changed, reloading.
Watching for file changes with StatReloader
/mnt/d/projects/LabCourseDispaly/MAIN/models.py changed, reloading.
Watching for file changes with StatReloader
/mnt/d/projects/LabCourseDispaly/MAIN/models.py changed, reloading.
Watching for file changes with StatReloader
Watching for file changes with StatReloader
Watching for file changes with StatReloader
/mnt/d/projects/LabCourseDispaly/MAIN/models.py changed, reloading.
Watching for file changes with StatReloader
/mnt/d/projects/LabCourseDispaly/MAIN/models.py changed, reloading.
Watching for file changes with StatReloader
/mnt/d/projects/LabCourseDispaly/MAIN/models.py changed, reloading.
Watching for file changes with StatReloader
/mnt/d/projects/LabCourseDispaly/MAIN/models.py changed, reloading.
Watching for file changes with StatReloader
/mnt/d/projects/LabCourseDispaly/MAIN/models.py changed, reloading.
Watching for file changes with StatReloader
Watching for file changes with StatReloader
Watching for file changes with StatReloader
/mnt/d/projects/LabCourseDispaly/MAIN/models.py changed, reloading.
Watching for file changes with StatReloader
/mnt/d/projects/LabCourseDispaly/MAIN/models.py changed, reloading.
Watching for file changes with StatReloader
/mnt/d/projects/LabCourseDispaly/MAIN/models.py changed, reloading.
Watching for file changes with StatReloader
/mnt/d/projects/LabCourseDispaly/MAIN/models.py changed, reloading.
Watching for file changes with StatReloader
/mnt/d/projects/LabCourseDispaly/MAIN/models.py changed, reloading.
Watching for file changes with StatReloader
/mnt/d/projects/LabCourseDispaly/MAIN/models.py changed, reloading.
Watching for file changes with StatReloader
/mnt/d/projects/LabCourseDispaly/MAIN/models.py changed, reloading.
Watching for file changes with StatReloader
/mnt/d/projects/LabCourseDispaly/MAIN/models.py changed, reloading.
Watching for file changes with StatReloader
/mnt/d/projects/LabCourseDispaly/MAIN/models.py changed, reloading.
Watching for file changes with StatReloader
/mnt/d/projects/LabCourseDispaly/MAIN/models.py changed, reloading.
Watching for file changes with StatReloader
/mnt/d/projects/LabCourseDispaly/MAIN/models.py changed, reloading.
Watching for file changes with StatReloader
/mnt/d/projects/LabCourseDispaly/MAIN/models.py changed, reloading.
Watching for file changes with StatReloader
/mnt/d/projects/LabCourseDispaly/MAIN/models.py changed, reloading.
Watching for file changes with StatReloader
/mnt/d/projects/LabCourseDispaly/MAIN/models.py changed, reloading.
Watching for file changes with StatReloader
/mnt/d/projects/LabCourseDispaly/MAIN/models.py changed, reloading.
Watching for file changes with StatReloader
/mnt/d/projects/LabCourseDispaly/MAIN/models.py changed, reloading.
Watching for file changes with StatReloader
/mnt/d/projects/LabCourseDispaly/MAIN/models.py changed, reloading.
Watching for file changes with StatReloader
/mnt/d/projects/LabCourseDispaly/MAIN/models.py changed, reloading.
Watching for file changes with StatReloader
/mnt/d/projects/LabCourseDispaly/MAIN/models.py changed, reloading.
Watching for file changes with StatReloader
Watching for file changes with StatReloader
Watching for file changes with StatReloader
"GET / HTTP/1.1" 200 10633
"GET /static/admin/css/fonts.css HTTP/1.1" 200 423
"GET /static/admin/fonts/Roboto-Light-webfont.woff HTTP/1.1" 200 85692
"GET /static/admin/fonts/Roboto-Bold-webfont.woff HTTP/1.1" 200 86184
"GET /static/admin/fonts/Roboto-Regular-webfont.woff HTTP/1.1" 200 85876
Not Found: /favicon.ico
"GET /favicon.ico HTTP/1.1" 404 2005
"GET /admin HTTP/1.1" 301 0
"GET /admin/ HTTP/1.1" 302 0
"GET /admin/login/?next=/admin/ HTTP/1.1" 200 2216
"GET /static/admin/css/nav_sidebar.css HTTP/1.1" 200 2271
"GET /static/admin/css/login.css HTTP/1.1" 200 939
"GET /static/admin/js/nav_sidebar.js HTTP/1.1" 200 1360
"GET /static/admin/css/base.css HTTP/1.1" 200 19513
"GET /static/admin/css/responsive.css HTTP/1.1" 200 18545
Watching for file changes with StatReloader
"POST /admin/login/?next=/admin/ HTTP/1.1" 302 0
"GET /admin/ HTTP/1.1" 200 3286
"GET /static/admin/css/dashboard.css HTTP/1.1" 200 380
"GET /static/admin/img/icon-addlink.svg HTTP/1.1" 200 331
"GET /static/admin/img/icon-changelink.svg HTTP/1.1" 200 380
"GET /admin/auth/user/ HTTP/1.1" 200 7852
"GET /static/admin/css/changelists.css HTTP/1.1" 200 6874
"GET /static/admin/js/jquery.init.js HTTP/1.1" 200 347
"GET /static/admin/js/admin/RelatedObjectLookups.js HTTP/1.1" 200 5984
"GET /static/admin/js/core.js HTTP/1.1" 200 5698
"GET /admin/jsi18n/ HTTP/1.1" 200 8398
"GET /static/admin/js/actions.js HTTP/1.1" 200 6540
"GET /static/admin/js/prepopulate.js HTTP/1.1" 200 1531
"GET /static/admin/js/urlify.js HTTP/1.1" 200 7902
"GET /static/admin/js/vendor/xregexp/xregexp.js HTTP/1.1" 200 232381
"GET /static/admin/js/vendor/jquery/jquery.js HTTP/1.1" 200 287630
"GET /static/admin/img/icon-yes.svg HTTP/1.1" 200 436
"GET /static/admin/img/search.svg HTTP/1.1" 200 458
"GET /static/admin/img/tooltag-add.svg HTTP/1.1" 200 331
"GET /static/admin/img/sorting-icons.svg HTTP/1.1" 200 1097
/mnt/d/projects/LabCourseDispaly/LabCourseDispaly/urls.py changed, reloading.
Watching for file changes with StatReloader
/mnt/d/projects/LabCourseDispaly/LabCourseDispaly/urls.py changed, reloading.
Watching for file changes with StatReloader
/mnt/d/projects/LabCourseDispaly/LabCourseDispaly/urls.py changed, reloading.
Watching for file changes with StatReloader
Watching for file changes with StatReloader
Watching for file changes with StatReloader
Watching for file changes with StatReloader
Watching for file changes with StatReloader
Watching for file changes with StatReloader
/mnt/d/projects/LabCourseDispaly/LabCourseDispaly/urls.py changed, reloading.
Watching for file changes with StatReloader
Watching for file changes with StatReloader
/mnt/d/projects/LabCourseDispaly/LabCourseDispaly/urls.py changed, reloading.
Watching for file changes with StatReloader
Watching for file changes with StatReloader
"GET / HTTP/1.1" 302 0
"GET /main HTTP/1.1" 301 0
Internal Server Error: /main/
Traceback (most recent call last):
  File "/mnt/d/projects/labcoursedisplayvenv/lib/python3.6/site-packages/django/core/handlers/exception.py", line 47, in inner
    response = get_response(request)
  File "/mnt/d/projects/labcoursedisplayvenv/lib/python3.6/site-packages/django/utils/deprecation.py", line 119, in __call__
    response = self.process_response(request, response)
  File "/mnt/d/projects/labcoursedisplayvenv/lib/python3.6/site-packages/django/middleware/clickjacking.py", line 26, in process_response
    if response.get('X-Frame-Options') is not None:
AttributeError: 'str' object has no attribute 'get'
"GET /main/ HTTP/1.1" 500 59842
/mnt/d/projects/LabCourseDispaly/LabCourseDispaly/urls.py changed, reloading.
Watching for file changes with StatReloader
Watching for file changes with StatReloader
Internal Server Error: /main/
Traceback (most recent call last):
  File "/mnt/d/projects/labcoursedisplayvenv/lib/python3.6/site-packages/django/core/handlers/exception.py", line 47, in inner
    response = get_response(request)
  File "/mnt/d/projects/labcoursedisplayvenv/lib/python3.6/site-packages/django/utils/deprecation.py", line 119, in __call__
    response = self.process_response(request, response)
  File "/mnt/d/projects/labcoursedisplayvenv/lib/python3.6/site-packages/django/middleware/clickjacking.py", line 26, in process_response
    if response.get('X-Frame-Options') is not None:
AttributeError: 'str' object has no attribute 'get'
"GET /main/ HTTP/1.1" 500 59979
Internal Server Error: /main/
Traceback (most recent call last):
  File "/mnt/d/projects/labcoursedisplayvenv/lib/python3.6/site-packages/django/core/handlers/exception.py", line 47, in inner
    response = get_response(request)
  File "/mnt/d/projects/labcoursedisplayvenv/lib/python3.6/site-packages/django/utils/deprecation.py", line 119, in __call__
    response = self.process_response(request, response)
  File "/mnt/d/projects/labcoursedisplayvenv/lib/python3.6/site-packages/django/middleware/clickjacking.py", line 26, in process_response
    if response.get('X-Frame-Options') is not None:
AttributeError: 'str' object has no attribute 'get'
"GET /main/ HTTP/1.1" 500 59979
Internal Server Error: /main/
Traceback (most recent call last):
  File "/mnt/d/projects/labcoursedisplayvenv/lib/python3.6/site-packages/django/core/handlers/exception.py", line 47, in inner
    response = get_response(request)
  File "/mnt/d/projects/labcoursedisplayvenv/lib/python3.6/site-packages/django/utils/deprecation.py", line 119, in __call__
    response = self.process_response(request, response)
  File "/mnt/d/projects/labcoursedisplayvenv/lib/python3.6/site-packages/django/middleware/clickjacking.py", line 26, in process_response
    if response.get('X-Frame-Options') is not None:
AttributeError: 'str' object has no attribute 'get'
"GET /main/ HTTP/1.1" 500 59979
/mnt/d/projects/LabCourseDispaly/MAIN/views.py changed, reloading.
Watching for file changes with StatReloader
/mnt/d/projects/LabCourseDispaly/MAIN/views.py changed, reloading.
Watching for file changes with StatReloader
Watching for file changes with StatReloader
"GET /main/ HTTP/1.1" 200 5
/mnt/d/projects/LabCourseDispaly/MAIN/views.py changed, reloading.
Watching for file changes with StatReloader
Watching for file changes with StatReloader
/mnt/d/projects/LabCourseDispaly/API/urls.py changed, reloading.
Watching for file changes with StatReloader
/mnt/d/projects/LabCourseDispaly/API/urls.py changed, reloading.
Watching for file changes with StatReloader
Watching for file changes with StatReloader
/mnt/d/projects/LabCourseDispaly/API/urls.py changed, reloading.
Watching for file changes with StatReloader
Watching for file changes with StatReloader
/mnt/d/projects/LabCourseDispaly/API/urls.py changed, reloading.
Watching for file changes with StatReloader
Watching for file changes with StatReloader
"GET /main/ HTTP/1.1" 200 33
"GET /api/v1/user HTTP/1.1" 301 0
Internal Server Error: /api/v1/user/
Traceback (most recent call last):
  File "/mnt/d/projects/labcoursedisplayvenv/lib/python3.6/site-packages/django/core/handlers/exception.py", line 47, in inner
    response = get_response(request)
  File "/mnt/d/projects/labcoursedisplayvenv/lib/python3.6/site-packages/django/core/handlers/base.py", line 181, in _get_response
    response = wrapped_callback(request, *callback_args, **callback_kwargs)
  File "/mnt/d/projects/labcoursedisplayvenv/lib/python3.6/site-packages/django/views/decorators/csrf.py", line 54, in wrapped_view
    return view_func(*args, **kwargs)
  File "/mnt/d/projects/labcoursedisplayvenv/lib/python3.6/site-packages/django/views/generic/base.py", line 70, in view
    return self.dispatch(request, *args, **kwargs)
  File "/mnt/d/projects/labcoursedisplayvenv/lib/python3.6/site-packages/rest_framework/views.py", line 509, in dispatch
    response = self.handle_exception(exc)
  File "/mnt/d/projects/labcoursedisplayvenv/lib/python3.6/site-packages/rest_framework/views.py", line 469, in handle_exception
    self.raise_uncaught_exception(exc)
  File "/mnt/d/projects/labcoursedisplayvenv/lib/python3.6/site-packages/rest_framework/views.py", line 480, in raise_uncaught_exception
    raise exc
  File "/mnt/d/projects/labcoursedisplayvenv/lib/python3.6/site-packages/rest_framework/views.py", line 506, in dispatch
    response = handler(request, *args, **kwargs)
  File "/mnt/d/projects/LabCourseDispaly/API/views.py", line 18, in get
    if user_instance.is_authenticated():
TypeError: 'bool' object is not callable
"GET /api/v1/user/ HTTP/1.1" 500 87563
/mnt/d/projects/LabCourseDispaly/API/views.py changed, reloading.
Watching for file changes with StatReloader
/mnt/d/projects/LabCourseDispaly/API/views.py changed, reloading.
Watching for file changes with StatReloader
Watching for file changes with StatReloader
"GET /api/v1/user/ HTTP/1.1" 200 7077
"GET /static/rest_framework/css/bootstrap-tweaks.css HTTP/1.1" 200 3385
"GET /static/rest_framework/css/default.css HTTP/1.1" 200 1131
"GET /static/rest_framework/css/prettify.css HTTP/1.1" 200 817
"GET /static/rest_framework/css/bootstrap.min.css HTTP/1.1" 200 121457
"GET /static/rest_framework/js/ajax-form.js HTTP/1.1" 200 3597
"GET /static/rest_framework/js/csrf.js HTTP/1.1" 200 1719
"GET /static/rest_framework/js/default.js HTTP/1.1" 200 1268
"GET /static/rest_framework/img/grid.png HTTP/1.1" 200 1458
"GET /static/rest_framework/js/prettify-min.js HTTP/1.1" 200 13632
"GET /static/rest_framework/js/bootstrap.min.js HTTP/1.1" 200 39680
"GET /static/rest_framework/js/jquery-3.5.1.min.js HTTP/1.1" 200 89476
"GET /api/v1/user/ HTTP/1.1" 200 7077
"GET /static/rest_framework/css/bootstrap-tweaks.css HTTP/1.1" 200 3385
"GET /static/rest_framework/css/default.css HTTP/1.1" 200 1131
"GET /static/rest_framework/css/prettify.css HTTP/1.1" 200 817
"GET /static/rest_framework/css/bootstrap.min.css HTTP/1.1" 200 121457
/mnt/d/projects/LabCourseDispaly/API/urls.py changed, reloading.
Watching for file changes with StatReloader
Watching for file changes with StatReloader
"GET /api/v1/user/ HTTP/1.1" 200 7077
/mnt/d/projects/LabCourseDispaly/API/urls.py changed, reloading.
Watching for file changes with StatReloader
/mnt/d/projects/LabCourseDispaly/API/urls.py changed, reloading.
Watching for file changes with StatReloader
/mnt/d/projects/LabCourseDispaly/API/urls.py changed, reloading.
Watching for file changes with StatReloader
Watching for file changes with StatReloader
Watching for file changes with StatReloader
/mnt/d/projects/LabCourseDispaly/API/urls.py changed, reloading.
Watching for file changes with StatReloader
Watching for file changes with StatReloader
/mnt/d/projects/LabCourseDispaly/MAIN/urls.py changed, reloading.
Watching for file changes with StatReloader
Watching for file changes with StatReloader
Watching for file changes with StatReloader
"GET /api/v1/user/ HTTP/1.1" 200 7077
"GET / HTTP/1.1" 302 0
"GET /main HTTP/1.1" 301 0
"GET /main/ HTTP/1.1" 200 33
Watching for file changes with StatReloader
/mnt/d/projects/LabCourseDispaly/API/views.py changed, reloading.
Watching for file changes with StatReloader
/mnt/d/projects/LabCourseDispaly/API/views.py changed, reloading.
Watching for file changes with StatReloader
/mnt/d/projects/LabCourseDispaly/API/views.py changed, reloading.
Watching for file changes with StatReloader
/mnt/d/projects/LabCourseDispaly/API/views.py changed, reloading.
Watching for file changes with StatReloader
/mnt/d/projects/LabCourseDispaly/API/views.py changed, reloading.
Watching for file changes with StatReloader
/mnt/d/projects/LabCourseDispaly/API/views.py changed, reloading.
Watching for file changes with StatReloader
/mnt/d/projects/LabCourseDispaly/API/views.py changed, reloading.
Watching for file changes with StatReloader
/mnt/d/projects/LabCourseDispaly/API/views.py changed, reloading.
Watching for file changes with StatReloader
/mnt/d/projects/LabCourseDispaly/API/views.py changed, reloading.
Watching for file changes with StatReloader
/mnt/d/projects/LabCourseDispaly/API/views.py changed, reloading.
Watching for file changes with StatReloader
/mnt/d/projects/LabCourseDispaly/API/views.py changed, reloading.
Watching for file changes with StatReloader
Watching for file changes with StatReloader
"GET /main/ HTTP/1.1" 200 33
"GET / HTTP/1.1" 302 0
"GET /main HTTP/1.1" 301 0
"GET /main/ HTTP/1.1" 200 33
"GET /api/v1/user/ HTTP/1.1" 200 7077
"GET /static/rest_framework/css/bootstrap-tweaks.css HTTP/1.1" 200 3385
"GET /static/rest_framework/css/prettify.css HTTP/1.1" 200 817
"GET /static/rest_framework/css/default.css HTTP/1.1" 200 1131
"GET /static/rest_framework/js/ajax-form.js HTTP/1.1" 200 3597
"GET /static/rest_framework/js/csrf.js HTTP/1.1" 200 1719
"GET /static/rest_framework/css/bootstrap.min.css HTTP/1.1" 200 121457
"GET /static/rest_framework/js/prettify-min.js HTTP/1.1" 200 13632
"GET /static/rest_framework/js/jquery-3.5.1.min.js HTTP/1.1" 200 89476
"GET /static/rest_framework/js/bootstrap.min.js HTTP/1.1" 200 39680
"GET /static/rest_framework/js/default.js HTTP/1.1" 200 1268
"GET /static/rest_framework/img/grid.png HTTP/1.1" 200 1458
Not Found: /api/v1/experimentalcenter/
"GET /api/v1/experimentalcenter/ HTTP/1.1" 404 8706
"GET /api/v1/experimentalcenter HTTP/1.1" 301 0
Not Found: /api/v1/experimentalcenter/
"GET /api/v1/experimentalcenter/ HTTP/1.1" 404 8706
Watching for file changes with StatReloader
Watching for file changes with StatReloader
/mnt/d/projects/LabCourseDispaly/API/views.py changed, reloading.
Watching for file changes with StatReloader
/mnt/d/projects/LabCourseDispaly/API/views.py changed, reloading.
Watching for file changes with StatReloader
/mnt/d/projects/LabCourseDispaly/API/views.py changed, reloading.
Watching for file changes with StatReloader
Not Found: /api/v1/experimentalcenter/
"GET /api/v1/experimentalcenter/ HTTP/1.1" 404 8706
/mnt/d/projects/LabCourseDispaly/API/views.py changed, reloading.
Watching for file changes with StatReloader
Watching for file changes with StatReloader
Not Found: /api/v1/experimentalcenter/
"GET /api/v1/experimentalcenter/ HTTP/1.1" 404 8706
Not Found: /api/v1/experimentalcenter/
"GET /api/v1/experimentalcenter/ HTTP/1.1" 404 8706
Watching for file changes with StatReloader
Not Found: /api/v1/experimentalcenter/
"GET /api/v1/experimentalcenter/ HTTP/1.1" 404 8706
Watching for file changes with StatReloader
"GET /api/v1/experimentalcenter/ HTTP/1.1" 200 8699
Watching for file changes with StatReloader
"GET /api/v1/experimentalcenter/ HTTP/1.1" 200 8854
/mnt/d/projects/LabCourseDispaly/API/serializers.py changed, reloading.
Watching for file changes with StatReloader
/mnt/d/projects/LabCourseDispaly/API/serializers.py changed, reloading.
Watching for file changes with StatReloader
Watching for file changes with StatReloader
"GET /api/v1/experimentalcenter/ HTTP/1.1" 200 8908
"GET /api/v1/user/ HTTP/1.1" 200 7077
Watching for file changes with StatReloader
Internal Server Error: /api/v1/user/
Traceback (most recent call last):
  File "/mnt/d/projects/labcoursedisplayvenv/lib/python3.6/site-packages/django/core/handlers/exception.py", line 47, in inner
    response = get_response(request)
  File "/mnt/d/projects/labcoursedisplayvenv/lib/python3.6/site-packages/django/core/handlers/base.py", line 181, in _get_response
    response = wrapped_callback(request, *callback_args, **callback_kwargs)
  File "/mnt/d/projects/labcoursedisplayvenv/lib/python3.6/site-packages/django/views/decorators/csrf.py", line 54, in wrapped_view
    return view_func(*args, **kwargs)
  File "/mnt/d/projects/labcoursedisplayvenv/lib/python3.6/site-packages/django/views/generic/base.py", line 70, in view
    return self.dispatch(request, *args, **kwargs)
  File "/mnt/d/projects/labcoursedisplayvenv/lib/python3.6/site-packages/rest_framework/views.py", line 509, in dispatch
    response = self.handle_exception(exc)
  File "/mnt/d/projects/labcoursedisplayvenv/lib/python3.6/site-packages/rest_framework/views.py", line 469, in handle_exception
    self.raise_uncaught_exception(exc)
  File "/mnt/d/projects/labcoursedisplayvenv/lib/python3.6/site-packages/rest_framework/views.py", line 480, in raise_uncaught_exception
    raise exc
  File "/mnt/d/projects/labcoursedisplayvenv/lib/python3.6/site-packages/rest_framework/views.py", line 506, in dispatch
    response = handler(request, *args, **kwargs)
  File "/mnt/d/projects/LabCourseDispaly/API/views.py", line 26, in get
    return Response(serializer.data, status=200)
  File "/mnt/d/projects/labcoursedisplayvenv/lib/python3.6/site-packages/rest_framework/serializers.py", line 548, in data
    ret = super().data
  File "/mnt/d/projects/labcoursedisplayvenv/lib/python3.6/site-packages/rest_framework/serializers.py", line 246, in data
    self._data = self.to_representation(self.instance)
  File "/mnt/d/projects/LabCourseDispaly/MAIN/serializers.py", line 11, in to_representation
    ret = super(UserSerializer, self).to_representation()
TypeError: to_representation() missing 1 required positional argument: 'instance'
"GET /api/v1/user/ HTTP/1.1" 500 100413
Watching for file changes with StatReloader
"GET /api/v1/user/ HTTP/1.1" 200 7100
"GET /static/rest_framework/css/prettify.css HTTP/1.1" 200 817
"GET /static/rest_framework/css/bootstrap-tweaks.css HTTP/1.1" 200 3385
"GET /static/rest_framework/css/default.css HTTP/1.1" 200 1131
"GET /static/rest_framework/js/ajax-form.js HTTP/1.1" 200 3597
"GET /static/rest_framework/js/csrf.js HTTP/1.1" 200 1719
"GET /static/rest_framework/js/bootstrap.min.js HTTP/1.1" 200 39680
"GET /static/rest_framework/js/prettify-min.js HTTP/1.1" 200 13632
"GET /static/rest_framework/js/default.js HTTP/1.1" 200 1268
"GET /static/rest_framework/css/bootstrap.min.css HTTP/1.1" 200 121457
"GET /static/rest_framework/js/jquery-3.5.1.min.js HTTP/1.1" 200 89476
"GET /static/rest_framework/img/grid.png HTTP/1.1" 200 1458
Not Found: /favicon.ico
"GET /favicon.ico HTTP/1.1" 404 2314
Watching for file changes with StatReloader
/mnt/d/projects/LabCourseDispaly/API/views.py changed, reloading.
Watching for file changes with StatReloader
/mnt/d/projects/LabCourseDispaly/API/views.py changed, reloading.
Watching for file changes with StatReloader
/mnt/d/projects/LabCourseDispaly/API/views.py changed, reloading.
Watching for file changes with StatReloader
/mnt/d/projects/LabCourseDispaly/API/views.py changed, reloading.
Watching for file changes with StatReloader
/mnt/d/projects/LabCourseDispaly/API/views.py changed, reloading.
Watching for file changes with StatReloader
/mnt/d/projects/LabCourseDispaly/API/views.py changed, reloading.
Watching for file changes with StatReloader
/mnt/d/projects/LabCourseDispaly/API/views.py changed, reloading.
Watching for file changes with StatReloader
/mnt/d/projects/LabCourseDispaly/API/views.py changed, reloading.
Watching for file changes with StatReloader
/mnt/d/projects/LabCourseDispaly/API/views.py changed, reloading.
Watching for file changes with StatReloader
/mnt/d/projects/LabCourseDispaly/API/views.py changed, reloading.
Watching for file changes with StatReloader
/mnt/d/projects/LabCourseDispaly/API/views.py changed, reloading.
Watching for file changes with StatReloader
/mnt/d/projects/LabCourseDispaly/API/views.py changed, reloading.
Watching for file changes with StatReloader
/mnt/d/projects/LabCourseDispaly/API/views.py changed, reloading.
Watching for file changes with StatReloader
/mnt/d/projects/LabCourseDispaly/API/views.py changed, reloading.
Watching for file changes with StatReloader
/mnt/d/projects/LabCourseDispaly/API/views.py changed, reloading.
Watching for file changes with StatReloader
/mnt/d/projects/LabCourseDispaly/API/views.py changed, reloading.
Watching for file changes with StatReloader
/mnt/d/projects/LabCourseDispaly/API/views.py changed, reloading.
Watching for file changes with StatReloader
/mnt/d/projects/LabCourseDispaly/API/views.py changed, reloading.
Watching for file changes with StatReloader
/mnt/d/projects/LabCourseDispaly/API/views.py changed, reloading.
Watching for file changes with StatReloader
/mnt/d/projects/LabCourseDispaly/API/views.py changed, reloading.
Watching for file changes with StatReloader
Watching for file changes with StatReloader
Watching for file changes with StatReloader
"GET /api/v1/user/ HTTP/1.1" 200 7100
"GET /static/rest_framework/css/bootstrap-tweaks.css HTTP/1.1" 200 3385
"GET /static/rest_framework/css/bootstrap.min.css HTTP/1.1" 200 121457
"GET /static/rest_framework/css/prettify.css HTTP/1.1" 200 817
"GET /static/rest_framework/css/default.css HTTP/1.1" 200 1131
"GET /static/rest_framework/js/ajax-form.js HTTP/1.1" 200 3597
"GET /static/rest_framework/js/csrf.js HTTP/1.1" 200 1719
"GET /static/rest_framework/js/default.js HTTP/1.1" 200 1268
"GET /static/rest_framework/img/grid.png HTTP/1.1" 200 1458
"GET /static/rest_framework/js/prettify-min.js HTTP/1.1" 200 13632
"GET /static/rest_framework/js/bootstrap.min.js HTTP/1.1" 200 39680
"GET /static/rest_framework/js/jquery-3.5.1.min.js HTTP/1.1" 200 89476
Not Found: /favicon.ico
"GET /favicon.ico HTTP/1.1" 404 2314
"GET /api/v1/experimentalcenter/ HTTP/1.1" 200 8908
Not Found: /api/v1/experimentalcenter/1/
"GET /api/v1/experimentalcenter/1/ HTTP/1.1" 404 2781
Not Found: /api/v1/experimentalcenter/2/
"GET /api/v1/experimentalcenter/2/ HTTP/1.1" 404 2781
Not Found: /api/v1/experimentalcenter/2
"GET /api/v1/experimentalcenter/2 HTTP/1.1" 404 2778
"GET /api/v1/experimentalcenter/ HTTP/1.1" 200 8908
Not Found: /api/v1/experimentalcenter/1
"GET /api/v1/experimentalcenter/1 HTTP/1.1" 404 2778
Watching for file changes with StatReloader
Not Found: /api/v1/experimentalcenter/1/
"GET /api/v1/experimentalcenter/1/ HTTP/1.1" 404 2781
Watching for file changes with StatReloader
Not Found: /api/v1/experimentalcenter/1/
"GET /api/v1/experimentalcenter/1/ HTTP/1.1" 404 2781
Watching for file changes with StatReloader
"GET /api/v1/experimentalcenter/1/ HTTP/1.1" 200 5686
"GET /api/v1/experimentalcenter/2/ HTTP/1.1" 200 5683
Bad Request: /api/v1/experimentalcenter/3/
"GET /api/v1/experimentalcenter/3/ HTTP/1.1" 400 5663
/mnt/d/projects/LabCourseDispaly/API/urls.py changed, reloading.
Watching for file changes with StatReloader
/mnt/d/projects/LabCourseDispaly/API/urls.py changed, reloading.
Watching for file changes with StatReloader
/mnt/d/projects/LabCourseDispaly/API/urls.py changed, reloading.
Watching for file changes with StatReloader
/mnt/d/projects/LabCourseDispaly/API/urls.py changed, reloading.
Watching for file changes with StatReloader
/mnt/d/projects/LabCourseDispaly/API/urls.py changed, reloading.
Watching for file changes with StatReloader
/mnt/d/projects/LabCourseDispaly/API/views.py changed, reloading.
Watching for file changes with StatReloader
/mnt/d/projects/LabCourseDispaly/API/views.py changed, reloading.
Watching for file changes with StatReloader
/mnt/d/projects/LabCourseDispaly/API/views.py changed, reloading.
Watching for file changes with StatReloader
/mnt/d/projects/LabCourseDispaly/API/views.py changed, reloading.
Watching for file changes with StatReloader
/mnt/d/projects/LabCourseDispaly/API/urls.py changed, reloading.
Watching for file changes with StatReloader
/mnt/d/projects/LabCourseDispaly/API/urls.py changed, reloading.
Watching for file changes with StatReloader
/mnt/d/projects/LabCourseDispaly/API/urls.py changed, reloading.
Watching for file changes with StatReloader
/mnt/d/projects/LabCourseDispaly/MAIN/models.py changed, reloading.
Watching for file changes with StatReloader
/mnt/d/projects/LabCourseDispaly/MAIN/models.py changed, reloading.
Watching for file changes with StatReloader
/mnt/d/projects/LabCourseDispaly/MAIN/models.py changed, reloading.
Watching for file changes with StatReloader
/mnt/d/projects/LabCourseDispaly/MAIN/models.py changed, reloading.
Watching for file changes with StatReloader
/mnt/d/projects/LabCourseDispaly/MAIN/models.py changed, reloading.
Watching for file changes with StatReloader
/mnt/d/projects/LabCourseDispaly/MAIN/models.py changed, reloading.
Watching for file changes with StatReloader
/mnt/d/projects/LabCourseDispaly/MAIN/models.py changed, reloading.
Watching for file changes with StatReloader
/mnt/d/projects/LabCourseDispaly/MAIN/models.py changed, reloading.
Watching for file changes with StatReloader
/mnt/d/projects/LabCourseDispaly/MAIN/models.py changed, reloading.
Watching for file changes with StatReloader
/mnt/d/projects/LabCourseDispaly/API/views.py changed, reloading.
Watching for file changes with StatReloader
/mnt/d/projects/LabCourseDispaly/API/views.py changed, reloading.
Watching for file changes with StatReloader
/mnt/d/projects/LabCourseDispaly/API/views.py changed, reloading.
Watching for file changes with StatReloader
/mnt/d/projects/LabCourseDispaly/API/views.py changed, reloading.
Watching for file changes with StatReloader
/mnt/d/projects/LabCourseDispaly/API/views.py changed, reloading.
Watching for file changes with StatReloader
/mnt/d/projects/LabCourseDispaly/API/views.py changed, reloading.
Watching for file changes with StatReloader
/mnt/d/projects/LabCourseDispaly/API/views.py changed, reloading.
Watching for file changes with StatReloader
/mnt/d/projects/LabCourseDispaly/API/views.py changed, reloading.
Watching for file changes with StatReloader
/mnt/d/projects/LabCourseDispaly/API/views.py changed, reloading.
Watching for file changes with StatReloader
/mnt/d/projects/LabCourseDispaly/API/views.py changed, reloading.
Watching for file changes with StatReloader
/mnt/d/projects/LabCourseDispaly/API/views.py changed, reloading.
Watching for file changes with StatReloader
/mnt/d/projects/LabCourseDispaly/API/views.py changed, reloading.
Watching for file changes with StatReloader
/mnt/d/projects/LabCourseDispaly/API/views.py changed, reloading.
Watching for file changes with StatReloader
/mnt/d/projects/LabCourseDispaly/API/views.py changed, reloading.
Watching for file changes with StatReloader
Watching for file changes with StatReloader
/mnt/d/projects/LabCourseDispaly/API/views.py changed, reloading.
Watching for file changes with StatReloader
/mnt/d/projects/LabCourseDispaly/API/views.py changed, reloading.
Watching for file changes with StatReloader
/mnt/d/projects/LabCourseDispaly/API/views.py changed, reloading.
Watching for file changes with StatReloader
/mnt/d/projects/LabCourseDispaly/API/views.py changed, reloading.
Watching for file changes with StatReloader
"GET /api/v1/user/ HTTP/1.1" 200 7100
Not Found: /api/v1/user121
"GET /api/v1/user121 HTTP/1.1" 404 2939
Not Found: /api/ v1/experimentalcenterfileuploader/1/
"GET /api/%20v1/experimentalcenterfileuploader/1/ HTTP/1.1" 404 3022
/mnt/d/projects/LabCourseDispaly/API/views.py changed, reloading.
Watching for file changes with StatReloader
